<?xml version="1.0" encoding="UTF-8"?>
<testng-results ignored="0" total="1" passed="1" failed="0" skipped="0">
  <reporter-output>
  </reporter-output>
  <suite started-at="2023-09-15T15:21:06 IST" name="Suite" finished-at="2023-09-15T15:21:33 IST" duration-ms="27433">
    <groups>
    </groups>
    <test started-at="2023-09-15T15:21:06 IST" name="Test" finished-at="2023-09-15T15:21:33 IST" duration-ms="27433">
      <class name="com.myipr.testCases.TC_RegiterUser_001_Positive">
        <test-method is-config="true" signature="setup()[pri:0, instance:com.myipr.testCases.TC_RegiterUser_001_Positive@74e52ef6]" started-at="2023-09-15T15:21:06 IST" name="setup" finished-at="2023-09-15T15:21:09 IST" duration-ms="3208" status="PASS">
          <reporter-output>
          </reporter-output>
        </test-method> <!-- setup -->
        <test-method is-config="true" signature="setData()[pri:0, instance:com.myipr.testCases.TC_RegiterUser_001_Positive@74e52ef6]" started-at="2023-09-15T15:21:09 IST" name="setData" finished-at="2023-09-15T15:21:09 IST" duration-ms="0" status="PASS">
          <reporter-output>
          </reporter-output>
        </test-method> <!-- setData -->
        <test-method signature="registerUser()[pri:0, instance:com.myipr.testCases.TC_RegiterUser_001_Positive@74e52ef6]" started-at="2023-09-15T15:21:09 IST" name="registerUser" finished-at="2023-09-15T15:21:33 IST" duration-ms="23633" status="PASS">
          <reporter-output>
          </reporter-output>
        </test-method> <!-- registerUser -->
        <test-method is-config="true" signature="tearDown()[pri:0, instance:com.myipr.testCases.TC_RegiterUser_001_Positive@74e52ef6]" started-at="2023-09-15T15:21:33 IST" name="tearDown" finished-at="2023-09-15T15:21:33 IST" duration-ms="260" status="PASS">
          <reporter-output>
          </reporter-output>
        </test-method> <!-- tearDown -->
      </class> <!-- com.myipr.testCases.TC_RegiterUser_001_Positive -->
    </test> <!-- Test -->
  </suite> <!-- Suite -->
</testng-results>
